2024-09-09 21:25:08 [com.xxl.job.core.thread.JobThread#run]-[133]-[xxl-job, JobThread-1-1725888308123] <br>----------- xxl-job job execute start -----------<br>----------- Param:
2024-09-09 21:25:27 [com.xxl.job.core.thread.JobThread#run]-[204]-[xxl-job, JobThread-1-1725888308123] <br>----------- JobThread Exception:java.lang.reflect.InvocationTargetException
	at sun.reflect.NativeMethodAccessorImpl.invoke0(Native Method)
	at sun.reflect.NativeMethodAccessorImpl.invoke(NativeMethodAccessorImpl.java:62)
	at sun.reflect.DelegatingMethodAccessorImpl.invoke(DelegatingMethodAccessorImpl.java:43)
	at java.lang.reflect.Method.invoke(Method.java:498)
	at com.xxl.job.core.handler.impl.MethodJobHandler.execute(MethodJobHandler.java:31)
	at com.xxl.job.core.thread.JobThread.run(JobThread.java:166)
Caused by: org.springframework.dao.RecoverableDataAccessException: 
### Error querying database.  Cause: com.mysql.cj.jdbc.exceptions.CommunicationsException: Communications link failure

The last packet successfully received from the server was 19,541 milliseconds ago. The last packet sent successfully to the server was 19,605 milliseconds ago.
### The error may exist in com/yanhuo/xo/dao/UserDao.java (best guess)
### The error may involve defaultParameterMap
### The error occurred while setting parameters
### SQL: SELECT id,yx_id,username,password,avatar,gender,phone,email,description,status,birthday,address,user_cover,trend_count,follower_count,fan_count,creator,create_date,updater,update_date FROM t_user WHERE id IN (   ?  ,  ?  ,  ?  ,  ?  ,  ?  ,  ?  ,  ?  ,  ?  ,  ?  ,  ?  ,  ?  ,  ?  ,  ?  ,  ?  ,  ?  ,  ?  ,  ?  ,  ?  ,  ?  ,  ?  ,  ?  ,  ?  ,  ?  ,  ?  ,  ?  ,  ?  ,  ?  ,  ?  ,  ?  ,  ?  ,  ?  ,  ?  ,  ?  ,  ?  ,  ?  ,  ?  ,  ?  ,  ?  ,  ?  ,  ?  ,  ?  ,  ?  ,  ?  ,  ?  ,  ?  ,  ?  ,  ?  ,  ?  ,  ?  ,  ?  ,  ?  ,  ?  ,  ?  ,  ?  ,  ?  ,  ?  ,  ?  ,  ?  ,  ?  ,  ?  ,  ?  ,  ?  ,  ?  ,  ?  ,  ?  ,  ?  ,  ?  ,  ?  ,  ?  ,  ?  ,  ?  ,  ?  ,  ?  ,  ?  ,  ?  ,  ?  ,  ?  ,  ?  ,  ?  ,  ?  ,  ?  ,  ?  ,  ?  ,  ?  ,  ?  ,  ?  ,  ?  ,  ?  ,  ?  ,  ?  ,  ?  ,  ?  ,  ?  ,  ?  ,  ?  ,  ?  ,  ?  ,  ?  ,  ?  ,  ?  ,  ?  ,  ?  ,  ?  ,  ?  ,  ?  ,  ?  ,  ?  ,  ?  ,  ?  ,  ?  ,  ?  ,  ?  ,  ?  ,  ?  ,  ?  ,  ?  ,  ?  ,  ?  ,  ?  ,  ?  ,  ?  ,  ?  ,  ?  ,  ?  ,  ?  ,  ?  ,  ?  ,  ?  ,  ?  ,  ?  ,  ?  ,  ?  ,  ?  ,  ?  ,  ?  ,  ?  ,  ?  ,  ?  ,  ?  ,  ?  ,  ?  ,  ?  ,  ?  ,  ?  ,  ?  ,  ?  ,  ?  ,  ?  ,  ?  ,  ?  ,  ?  ,  ?  ,  ?  ,  ?  ,  ?  ,  ?  ,  ?  ,  ?  ,  ?  ,  ?  ,  ?  ,  ?  ,  ?  ,  ?  ,  ?  ,  ?  ,  ?  ,  ?  ,  ?  ,  ?  ,  ?  ,  ?  ,  ?  ,  ?  ,  ?  ,  ?  ,  ?  ,  ?  ,  ?  ,  ?  ,  ?  ,  ?  ,  ?  ,  ?  ,  ?  ,  ?  ,  ?  ,  ?  ,  ?  ,  ?  ,  ?  ,  ?  ,  ?  ,  ?  ,  ?  ,  ?  ,  ?  ,  ?  ,  ?  ,  ?  ,  ?  ,  ?  ,  ?  ,  ?  ,  ?  ,  ?  ,  ?  ,  ?  ,  ?  ,  ?  ,  ?  ,  ?  ,  ?  ,  ?  ,  ?  ,  ?  ,  ?  ,  ?  ,  ?  ,  ?  ,  ?  ,  ?  ,  ?  ,  ?  ,  ?  ,  ?  ,  ?  ,  ?  ,  ?  ,  ?  ,  ?  ,  ?  ,  ?  ,  ?  ,  ?  ,  ?  ,  ?  ,  ?  ,  ?  ,  ?  ,  ?  ,  ?  ,  ?  ,  ?  ,  ?  ,  ?  ,  ?  ,  ?  ,  ?  ,  ?  ,  ?  ,  ?  ,  ?  ,  ?  ,  ?  ,  ?  ,  ?  ,  ?  ,  ?  ,  ?  ,  ?  ,  ?  ,  ?  ,  ?  ,  ?  ,  ?  ,  ?  ,  ?  ,  ?  ,  ?  ,  ?  ,  ?  ,  ?  ,  ?  ,  ?  ,  ?  ,  ?  ,  ?  ,  ?  ,  ?  ,  ?  ,  ?  ,  ?  ,  ?  ,  ?  ,  ?  ,  ?  ,  ?  ,  ?  ,  ?  ,  ?  ,  ?  ,  ?  ,  ?  ,  ?  ,  ?  ,  ?  ,  ?  ,  ?  ,  ?  ,  ?  ,  ?  ,  ?  ,  ?  ,  ?  ,  ?  ,  ?  ,  ?  ,  ?  ,  ?  ,  ?  ,  ?  ,  ?  ,  ?  ,  ?  ,  ?  ,  ?  ,  ?  ,  ?  ,  ?  ,  ?  ,  ?  ,  ?  ,  ?  ,  ?  ,  ?  ,  ?  ,  ?  ,  ?  ,  ?  ,  ?  ,  ?  ,  ?  ,  ?  ,  ?  ,  ?  ,  ?  ,  ?  ,  ?  ,  ?  ,  ?  ,  ?  ,  ?  ,  ?  ,  ?  ,  ?  ,  ?  ,  ?  ,  ?  ,  ?  ,  ?  ,  ?  ,  ?  ,  ?  ,  ?  ,  ?  ,  ?  ,  ?  ,  ?  ,  ?  ,  ?  ,  ?  ,  ?  ,  ?  ,  ?  ,  ?  ,  ?  ,  ?  ,  ?  ,  ?  ,  ?  ,  ?  ,  ?  ,  ?  ,  ?  ,  ?  ,  ?  ,  ?  ,  ?  ,  ?  ,  ?  ,  ?  ,  ?  ,  ?  ,  ?  ,  ?  ,  ?  ,  ?  ,  ?  ,  ?  ,  ?  ,  ?  ,  ?  ,  ?  ,  ?  ,  ?  ,  ?  ,  ?  ,  ?  ,  ?  ,  ?  ,  ?  ,  ?  ,  ?  ,  ?  ,  ?  ,  ?  ,  ?  ,  ?  ,  ?  ,  ?  ,  ?  ,  ?  ,  ?  ,  ?  ,  ?  ,  ?  ,  ?  ,  ?  ,  ?  ,  ?  ,  ?  ,  ?  ,  ?  ,  ?  ,  ?  ,  ?  ,  ?  ,  ?  ,  ?  ,  ?  ,  ?  ,  ?  ,  ?  ,  ?  ,  ?  ,  ?  ,  ?  ,  ?  ,  ?  ,  ?  ,  ?  ,  ?  ,  ?  ,  ?  ,  ?  ,  ?  ,  ?  ,  ?  ,  ?  ,  ?  ,  ?  ,  ?  ,  ?  ,  ?  ,  ?  ,  ?  ,  ?  ,  ?  ,  ?  ,  ?  ,  ?  ,  ?  ,  ?  ,  ?  ,  ?  ,  ?  ,  ?  ,  ?  ,  ?  ,  ?  ,  ?  ,  ?  ,  ?  ,  ?  ,  ?  ,  ?  ,  ?  ,  ?  ,  ?  ,  ?  ,  ?  ,  ?  ,  ?  ,  ?  ,  ?  ,  ?  ,  ?  ,  ?  ,  ?  ,  ?  ,  ?  ,  ?  ,  ?  ,  ?  ,  ?  ,  ?  ,  ?  ,  ?  ,  ?  ,  ?  ,  ?  ,  ?  ,  ?  ,  ?  ,  ?  ,  ?  ,  ?  ,  ?  ,  ?  ,  ?  ,  ?  ,  ?  ,  ?  ,  ?  ,  ?  ,  ?  ,  ?  ,  ?  ,  ?  ,  ?  ,  ?  ,  ?  ,  ?  ,  ?  ,  ?  ,  ?  ,  ?  ,  ?  ,  ?  ,  ?  ,  ?  ,  ?  ,  ?  ,  ?  ,  ?  ,  ?  ,  ?  ,  ?  ,  ?  ,  ?  ,  ?  ,  ?  ,  ?  ,  ?  ,  ?  ,  ?  ,  ?  ,  ?  ,  ?  ,  ?  ,  ?  ,  ?  ,  ?  ,  ?  ,  ?  ,  ?  ,  ?  ,  ?  ,  ?  ,  ?  ,  ?  ,  ?  ,  ?  ,  ?  ,  ?  ,  ?  ,  ?  ,  ?  ,  ?  ,  ?  ,  ?  ,  ?  ,  ?  ,  ?  ,  ?  ,  ?  ,  ?  ,  ?  ,  ?  ,  ?  ,  ?  ,  ?  ,  ?  ,  ?  ,  ?  ,  ?  ,  ?  ,  ?  ,  ?  ,  ?  ,  ?  ,  ?  ,  ?  ,  ?  ,  ?  ,  ?  ,  ?  ,  ?  ,  ?  ,  ?  ,  ?  ,  ?  ,  ?  ,  ?  ,  ?  ,  ?  ,  ?  ,  ?  ,  ?  ,  ?  ,  ?  ,  ?  ,  ?  ,  ?  ,  ?  ,  ?  ,  ?  ,  ?  ,  ?  ,  ?  ,  ?  ,  ?  ,  ?  ,  ?  ,  ?  ,  ?  ,  ?  ,  ?  ,  ?  ,  ?  ,  ?  ,  ?  ,  ?  ,  ?  ,  ?  ,  ?  ,  ?  ,  ?  ,  ?  ,  ?  ,  ?  ,  ?  ,  ?  ,  ?  ,  ?  ,  ?  ,  ?  ,  ?  ,  ?  ,  ?  ,  ?  ,  ?  ,  ?  ,  ?  ,  ?  ,  ?  ,  ?  ,  ?  ,  ?  ,  ?  ,  ?  ,  ?  ,  ?  ,  ?  ,  ?  ,  ?  ,  ?  ,  ?  ,  ?  ,  ?  ,  ?  ,  ?  ,  ?  ,  ?  ,  ?  ,  ?  ,  ?  ,  ?  ,  ?  ,  ?  ,  ?  ,  ?  ,  ?  ,  ?  ,  ?  ,  ?  ,  ?  ,  ?  ,  ?  ,  ?  ,  ?  ,  ?  ,  ?  ,  ?  ,  ?  ,  ?  ,  ?  ,  ?  ,  ?  ,  ?  ,  ?  ,  ?  ,  ?  ,  ?  ,  ?  ,  ?  ,  ?  ,  ?  ,  ?  ,  ?  ,  ?  ,  ?  ,  ?  ,  ?  ,  ?  ,  ?  ,  ?  ,  ?  ,  ?  ,  ?  ,  ?  ,  ?  ,  ?  ,  ?  ,  ?  ,  ?  ,  ?  ,  ?  ,  ?  ,  ?  ,  ?  ,  ?  ,  ?  ,  ?  ,  ?  ,  ?  ,  ?  ,  ?  ,  ?  ,  ?  ,  ?  ,  ?  ,  ?  ,  ?  ,  ?  ,  ?  ,  ?  ,  ?  ,  ?  ,  ?  ,  ?  ,  ?  ,  ?  ,  ?  ,  ?  ,  ?  ,  ?  ,  ?  ,  ?  ,  ?  ,  ?  ,  ?  ,  ?  ,  ?  ,  ?  ,  ?  ,  ?  ,  ?  ,  ?  ,  ?  ,  ?  ,  ?  ,  ?  ,  ?  ,  ?  ,  ?  ,  ?  ,  ?  ,  ?  ,  ?  ,  ?  ,  ?  ,  ?  ,  ?  ,  ?  ,  ?  ,  ?  ,  ?  ,  ?  ,  ?  ,  ?  ,  ?  ,  ?  ,  ?  ,  ?  ,  ?  ,  ?  ,  ?  ,  ?  ,  ?  ,  ?  ,  ?  ,  ?  ,  ?  ,  ?  ,  ?  ,  ?  ,  ?  ,  ?  ,  ?  ,  ?  ,  ?  ,  ?  ,  ?  ,  ?  ,  ?  ,  ?  ,  ?  ,  ?  ,  ?  ,  ?  ,  ?  ,  ?  ,  ?  ,  ?  ,  ?  ,  ?  ,  ?  ,  ?  ,  ?  ,  ?  ,  ?  ,  ?  ,  ?  ,  ?  ,  ?  ,  ?  ,  ?  ,  ?  ,  ?  ,  ?  ,  ?  ,  ?  ,  ?  ,  ?  ,  ?  ,  ?  ,  ?  ,  ?  ,  ?  ,  ?  ,  ?  ,  ?  ,  ?  ,  ?  ,  ?  ,  ?  ,  ?  ,  ?  ,  ?  ,  ?  ,  ?  ,  ?  ,  ?  ,  ?  ,  ?  ,  ?  ,  ?  ,  ?  ,  ?  ,  ?  ,  ?  ,  ?  ,  ?  ,  ?  ,  ?  ,  ?  ,  ?  ,  ?  ,  ?  ,  ?  ,  ?  ,  ?  ,  ?  ,  ?  ,  ?  ,  ?  ,  ?  ,  ?  ,  ?  ,  ?  ,  ?  ,  ?  ,  ?  ,  ?  ,  ?  ,  ?  ,  ?  ,  ?  ,  ?  ,  ?  ,  ?  ,  ?  ,  ?  ,  ?  ,  ?  ,  ?  ,  ?  ,  ?  ,  ?  ,  ?  ,  ?  ,  ?  ,  ?  ,  ?  ,  ?  ,  ?  ,  ?  ,  ?  ,  ?  ,  ?  ,  ?  ,  ?  ,  ?  ,  ?  ,  ?  ,  ?  ,  ?  ,  ?  ,  ?  ,  ?  ,  ?  ,  ?  ,  ?  ,  ?  ,  ?  ,  ?  ,  ?  ,  ?  ,  ?  ,  ?  ,  ?  ,  ?  ,  ?  ,  ?  ,  ?  ,  ?  ,  ?  ,  ?  ,  ?  ,  ?  ,  ?  ,  ?  ,  ?  ,  ?  ,  ?  ,  ?  ,  ?  ,  ?  ,  ?  ,  ?  ,  ?  ,  ?  ,  ?  ,  ?  ,  ?  ,  ?  ,  ?  ,  ?  ,  ?  ,  ?  ,  ?  ,  ?  ,  ?  ,  ?  ,  ?  ,  ?  ,  ?  ,  ?  ,  ?  ,  ?  ,  ?  ,  ?  ,  ?  ,  ?  ,  ?  ,  ?  ,  ?  ,  ?  ,  ?  ,  ?  ,  ?  ,  ?  ,  ?  ,  ?  ,  ?  ,  ?  ,  ?  ,  ?  ,  ?  ,  ?  ,  ?  ,  ?  ,  ?  ,  ?  ,  ?  ,  ?  ,  ?  ,  ?  ,  ?  ,  ?  ,  ?  ,  ?  ,  ?  ,  ?  ,  ?  ,  ?  ,  ?  ,  ?  ,  ?  ,  ?  ,  ?  ,  ?  ,  ?  ,  ?  ,  ?  ,  ?  ,  ?  ,  ?  ,  ?  ,  ?  ,  ?  ,  ?  ,  ?  ,  ?  ,  ?  ,  ?  ,  ?  ,  ?  ,  ?  ,  ?  ,  ?  ,  ?  ,  ?  ,  ?  ,  ?  ,  ?  ,  ?  ,  ?  ,  ?  ,  ?  ,  ?  ,  ?  ,  ?  ,  ?  ,  ?  ,  ?  ,  ?  ,  ?  ,  ?  ,  ?  ,  ?  ,  ?  ,  ?  ,  ?  ,  ?  ,  ?  ,  ?  ,  ?  ,  ?  ,  ?  ,  ?  ,  ?  ,  ?  ,  ?  ,  ?  ,  ?  ,  ?  ,  ?  ,  ?  ,  ?  ,  ?  ,  ?  ,  ?  ,  ?  ,  ?  ,  ?  ,  ?  ,  ?  ,  ?  ,  ?  ,  ?  ,  ?  ,  ?  ,  ?  ,  ?  ,  ?  ,  ?  ,  ?  ,  ?  ,  ?  ,  ?  ,  ?  ,  ?  ,  ?  ,  ?  ,  ?  ,  ?  ,  ?  ,  ?  ,  ?  ,  ?  ,  ?  ,  ?  ,  ?  ,  ?  ,  ?  ,  ?  ,  ?  ,  ?  ,  ?  ,  ?  ,  ?  ,  ?  ,  ?  ,  ?  ,  ?  ,  ?  ,  ?  ,  ?  ,  ?  ,  ?  ,  ?  ,  ?  ,  ?  ,  ?  ,  ?  ,  ?  ,  ?  ,  ?  ,  ?  ,  ?  ,  ?  ,  ?  ,  ?  ,  ?  ,  ?  ,  ?  ,  ?  ,  ?  ,  ?  ,  ?  ,  ?  ,  ?  ,  ?  ,  ?  ,  ?  ,  ?  ,  ?  ,  ?  ,  ?  ,  ?  ,  ?  ,  ?  ,  ?  ,  ?  ,  ?  ,  ?  ,  ?  ,  ?  ,  ?  ,  ?  ,  ?  ,  ?  ,  ?  ,  ?  ,  ?  ,  ?  ,  ?  ,  ?  ,  ?  ,  ?  ,  ?  ,  ?  ,  ?  ,  ?  ,  ?  ,  ?  ,  ?  ,  ?  ,  ?  ,  ?  ,  ?  ,  ?  ,  ?  ,  ?  ,  ?  ,  ?  ,  ?  ,  ?  ,  ?  ,  ?  ,  ?  ,  ?  ,  ?  ,  ?  ,  ?  ,  ?  ,  ?  ,  ?  ,  ?  ,  ?  ,  ?  ,  ?  ,  ?  ,  ?  ,  ?  ,  ?  ,  ?  ,  ?  ,  ?  ,  ?  ,  ?  ,  ?  ,  ?  ,  ?  ,  ?  ,  ?  ,  ?  ,  ?  ,  ?  ,  ?  ,  ?  ,  ?  ,  ?  ,  ?  ,  ?  ,  ?  ,  ?  ,  ?  ,  ?  ,  ?  ,  ?  ,  ?  ,  ?  ,  ?  ,  ?  ,  ?  ,  ?  ,  ?  ,  ?  ,  ?  ,  ?  ,  ?  ,  ?  ,  ?  ,  ?  ,  ?  ,  ?  ,  ?  ,  ?  ,  ?  ,  ?  ,  ?  ,  ?  ,  ?  ,  ?  ,  ?  ,  ?  ,  ?  ,  ?  ,  ?  ,  ?  ,  ?  ,  ?  ,  ?  ,  ?  ,  ?  ,  ?  ,  ?  ,  ?  ,  ?  ,  ?  ,  ?  ,  ?  ,  ?  ,  ?  ,  ?  ,  ?  ,  ?  ,  ?  ,  ?  ,  ?  ,  ?  ,  ?  ,  ?  ,  ?  ,  ?  ,  ?  ,  ?  ,  ?  ,  ?  ,  ?  ,  ?  ,  ?  ,  ?  ,  ?  ,  ?  ,  ?  ,  ?  ,  ?  ,  ?  ,  ?  ,  ?  ,  ?  ,  ?  ,  ?  ,  ?  ,  ?  ,  ?  ,  ?  ,  ?  ,  ?  ,  ?  ,  ?  ,  ?  ,  ?  ,  ?  ,  ?  ,  ?  ,  ?  ,  ?  ,  ?  ,  ?  ,  ?  ,  ?  ,  ?  ,  ?  ,  ?  ,  ?  ,  ?  ,  ?  ,  ?  ,  ?  ,  ?  ,  ?  ,  ?  ,  ?  ,  ?  ,  ?  ,  ?  ,  ?  ,  ?  ,  ?  ,  ?  ,  ?  ,  ?  ,  ?  ,  ?  ,  ?  ,  ?  ,  ?  ,  ?  ,  ?  ,  ?  ,  ?  ,  ?  ,  ?  ,  ?  ,  ?  ,  ?  ,  ?  ,  ?  ,  ?  ,  ?  ,  ?  ,  ?  ,  ?  ,  ?  ,  ?  ,  ?  ,  ?  ,  ?  ,  ?  ,  ?  ,  ?  ,  ?  ,  ?  ,  ?  ,  ?  ,  ?  ,  ?  ,  ?  ,  ?  ,  ?  ,  ?  ,  ?  ,  ?  ,  ?  ,  ?  ,  ?  ,  ?  ,  ?  ,  ?  ,  ?  ,  ?  ,  ?  ,  ?  ,  ?  ,  ?  ,  ?  ,  ?  ,  ?  ,  ?  ,  ?  ,  ?  ,  ?  ,  ?  ,  ?  ,  ?  ,  ?  ,  ?  ,  ?  ,  ?  ,  ?  ,  ?  ,  ?  ,  ?  ,  ?  ,  ?  ,  ?  ,  ?  ,  ?  ,  ?  ,  ?  ,  ?  ,  ?  ,  ?  ,  ?  ,  ?  ,  ?  ,  ?  ,  ?  ,  ?  ,  ?  ,  ?  ,  ?  ,  ?  ,  ?  ,  ?  ,  ?  ,  ?  ,  ?  ,  ?  ,  ?  ,  ?  ,  ?  ,  ?  ,  ?  ,  ?  ,  ?  ,  ?  ,  ?  ,  ?  ,  ?  ,  ?  ,  ?  ,  ?  ,  ?  ,  ?  ,  ?  ,  ?  ,  ?  ,  ?  ,  ?  ,  ?  ,  ?  ,  ?  ,  ?  ,  ?  ,  ?  ,  ?  ,  ?  ,  ?  ,  ?  ,  ?  ,  ?  ,  ?  ,  ?  ,  ?  ,  ?  ,  ?  ,  ?  ,  ?  ,  ?  ,  ?  ,  ?  ,  ?  ,  ?  ,  ?  ,  ?  ,  ?  ,  ?  ,  ?  ,  ?  ,  ?  ,  ?  ,  ?  ,  ?  ,  ?  ,  ?  ,  ?  ,  ?  ,  ?  ,  ?  ,  ?  ,  ?  ,  ?  ,  ?  ,  ?  ,  ?  ,  ?  ,  ?  ,  ?  ,  ?  ,  ?  ,  ?  ,  ?  ,  ?  ,  ?  ,  ?  ,  ?  ,  ?  ,  ?  ,  ?  ,  ?  ,  ?  ,  ?  ,  ?  ,  ?  ,  ?  ,  ?  ,  ?  ,  ?  ,  ?  ,  ?  ,  ?  ,  ?  ,  ?  ,  ?  ,  ?  ,  ?  ,  ?  ,  ?  ,  ?  ,  ?  ,  ?  ,  ?  ,  ?  ,  ?  ,  ?  ,  ?  ,  ?  ,  ?  ,  ?  ,  ?  ,  ?  ,  ?  ,  ?  ,  ?  ,  ?  ,  ?  ,  ?  ,  ?  ,  ?  ,  ?  ,  ?  ,  ?  ,  ?  ,  ?  ,  ?  ,  ?  ,  ?  ,  ?  ,  ?  ,  ?  ,  ?  ,  ?  ,  ?  ,  ?  ,  ?  ,  ?  ,  ?  ,  ?  ,  ?  ,  ?  ,  ?  ,  ?  ,  ?  ,  ?  ,  ?  ,  ?  ,  ?  ,  ?  ,  ?  ,  ?  ,  ?  ,  ?  ,  ?  ,  ?  ,  ?  ,  ?  ,  ?  ,  ?  ,  ?  ,  ?  ,  ?  ,  ?  ,  ?  ,  ?  ,  ?  ,  ?  ,  ?  ,  ?  ,  ?  ,  ?  ,  ?  ,  ?  ,  ?  ,  ?  ,  ?  ,  ?  ,  ?  ,  ?  ,  ?  ,  ?  ,  ?  ,  ?  ,  ?  ,  ?  ,  ?  ,  ?  ,  ?  ,  ?  ,  ?  ,  ?  ,  ?  ,  ?  ,  ?  ,  ?  ,  ?  ,  ?  ,  ?  ,  ?  ,  ?  ,  ?  ,  ?  ,  ?  ,  ?  ,  ?  ,  ?  ,  ?  ,  ?  ,  ?  ,  ?  ,  ?  ,  ?  ,  ?  ,  ?  ,  ?  ,  ?  ,  ?  ,  ?  ,  ?  ,  ?  ,  ?  ,  ?  ,  ?  ,  ?  ,  ?  ,  ?  ,  ?  ,  ?  ,  ?  ,  ?  ,  ?  ,  ?  ,  ?  ,  ?  ,  ?  ,  ?  ,  ?  ,  ?  ,  ?  ,  ?  ,  ?  ,  ?  ,  ?  ,  ?  ,  ?  ,  ?  ,  ?  ,  ?  ,  ?  ,  ?  ,  ?  ,  ?  ,  ?  ,  ?  ,  ?  ,  ?  ,  ?  ,  ?  ,  ?  ,  ?  ,  ?  ,  ?  ,  ?  ,  ?  ,  ?  ,  ?  ,  ?  ,  ?  ,  ?  ,  ?  ,  ?  ,  ?  ,  ?  ,  ?  ,  ?  ,  ?  ,  ?  ,  ?  ,  ?  ,  ?  ,  ?  ,  ?  ,  ?  ,  ?  ,  ?  ,  ?  ,  ?  ,  ?  ,  ?  ,  ?  ,  ?  ,  ?  ,  ?  ,  ?  ,  ?  ,  ?  ,  ?  )
### Cause: com.mysql.cj.jdbc.exceptions.CommunicationsException: Communications link failure

The last packet successfully received from the server was 19,541 milliseconds ago. The last packet sent successfully to the server was 19,605 milliseconds ago.
; Communications link failure

The last packet successfully received from the server was 19,541 milliseconds ago. The last packet sent successfully to the server was 19,605 milliseconds ago.; nested exception is com.mysql.cj.jdbc.exceptions.CommunicationsException: Communications link failure

The last packet successfully received from the server was 19,541 milliseconds ago. The last packet sent successfully to the server was 19,605 milliseconds ago.
	at org.springframework.jdbc.support.SQLExceptionSubclassTranslator.doTranslate(SQLExceptionSubclassTranslator.java:100)
	at org.springframework.jdbc.support.AbstractFallbackSQLExceptionTranslator.translate(AbstractFallbackSQLExceptionTranslator.java:72)
	at org.springframework.jdbc.support.AbstractFallbackSQLExceptionTranslator.translate(AbstractFallbackSQLExceptionTranslator.java:81)
	at org.mybatis.spring.MyBatisExceptionTranslator.translateExceptionIfPossible(MyBatisExceptionTranslator.java:91)
	at org.mybatis.spring.SqlSessionTemplate$SqlSessionInterceptor.invoke(SqlSessionTemplate.java:441)
	at com.sun.proxy.$Proxy92.selectList(Unknown Source)
	at org.mybatis.spring.SqlSessionTemplate.selectList(SqlSessionTemplate.java:224)
	at com.baomidou.mybatisplus.core.override.MybatisMapperMethod.executeForMany(MybatisMapperMethod.java:166)
	at com.baomidou.mybatisplus.core.override.MybatisMapperMethod.execute(MybatisMapperMethod.java:77)
	at com.baomidou.mybatisplus.core.override.MybatisMapperProxy$PlainMethodInvoker.invoke(MybatisMapperProxy.java:148)
	at com.baomidou.mybatisplus.core.override.MybatisMapperProxy.invoke(MybatisMapperProxy.java:89)
	at com.sun.proxy.$Proxy94.selectBatchIds(Unknown Source)
	at com.baomidou.mybatisplus.extension.service.IService.listByIds(IService.java:301)
	at com.baomidou.mybatisplus.extension.service.IService$$FastClassBySpringCGLIB$$f8525d18.invoke(<generated>)
	at org.springframework.cglib.proxy.MethodProxy.invoke(MethodProxy.java:218)
	at org.springframework.aop.framework.CglibAopProxy$CglibMethodInvocation.invokeJoinpoint(CglibAopProxy.java:771)
	at org.springframework.aop.framework.ReflectiveMethodInvocation.proceed(ReflectiveMethodInvocation.java:163)
	at org.springframework.aop.framework.CglibAopProxy$CglibMethodInvocation.proceed(CglibAopProxy.java:749)
	at org.springframework.aop.interceptor.ExposeInvocationInterceptor.invoke(ExposeInvocationInterceptor.java:95)
	at org.springframework.aop.framework.ReflectiveMethodInvocation.proceed(ReflectiveMethodInvocation.java:186)
	at org.springframework.aop.framework.CglibAopProxy$CglibMethodInvocation.proceed(CglibAopProxy.java:749)
	at org.springframework.aop.framework.CglibAopProxy$DynamicAdvisedInterceptor.intercept(CglibAopProxy.java:691)
	at com.yanhuo.platform.service.impl.UserServiceImpl$$EnhancerBySpringCGLIB$$ca03e39c.listByIds(<generated>)
	at com.yanhuo.platform.xxljob.NoteJobHandler.execute(NoteJobHandler.java:52)
	... 6 more
Caused by: com.mysql.cj.jdbc.exceptions.CommunicationsException: Communications link failure

The last packet successfully received from the server was 19,541 milliseconds ago. The last packet sent successfully to the server was 19,605 milliseconds ago.
	at com.mysql.cj.jdbc.exceptions.SQLError.createCommunicationsException(SQLError.java:174)
	at com.mysql.cj.jdbc.exceptions.SQLExceptionsMapping.translateException(SQLExceptionsMapping.java:64)
	at com.mysql.cj.jdbc.ClientPreparedStatement.executeInternal(ClientPreparedStatement.java:953)
	at com.mysql.cj.jdbc.ClientPreparedStatement.execute(ClientPreparedStatement.java:370)
	at com.zaxxer.hikari.pool.ProxyPreparedStatement.execute(ProxyPreparedStatement.java:44)
	at com.zaxxer.hikari.pool.HikariProxyPreparedStatement.execute(HikariProxyPreparedStatement.java)
	at sun.reflect.NativeMethodAccessorImpl.invoke0(Native Method)
	at sun.reflect.NativeMethodAccessorImpl.invoke(NativeMethodAccessorImpl.java:62)
	at sun.reflect.DelegatingMethodAccessorImpl.invoke(DelegatingMethodAccessorImpl.java:43)
	at java.lang.reflect.Method.invoke(Method.java:498)
	at org.apache.ibatis.logging.jdbc.PreparedStatementLogger.invoke(PreparedStatementLogger.java:59)
	at com.sun.proxy.$Proxy151.execute(Unknown Source)
	at org.apache.ibatis.executor.statement.PreparedStatementHandler.query(PreparedStatementHandler.java:64)
	at org.apache.ibatis.executor.statement.RoutingStatementHandler.query(RoutingStatementHandler.java:79)
	at sun.reflect.NativeMethodAccessorImpl.invoke0(Native Method)
	at sun.reflect.NativeMethodAccessorImpl.invoke(NativeMethodAccessorImpl.java:62)
	at sun.reflect.DelegatingMethodAccessorImpl.invoke(DelegatingMethodAccessorImpl.java:43)
	at java.lang.reflect.Method.invoke(Method.java:498)
	at org.apache.ibatis.plugin.Plugin.invoke(Plugin.java:64)
	at com.sun.proxy.$Proxy149.query(Unknown Source)
	at org.apache.ibatis.executor.SimpleExecutor.doQuery(SimpleExecutor.java:63)
	at org.apache.ibatis.executor.BaseExecutor.queryFromDatabase(BaseExecutor.java:325)
	at org.apache.ibatis.executor.BaseExecutor.query(BaseExecutor.java:156)
	at com.baomidou.mybatisplus.extension.plugins.MybatisPlusInterceptor.intercept(MybatisPlusInterceptor.java:81)
	at org.apache.ibatis.plugin.Plugin.invoke(Plugin.java:62)
	at com.sun.proxy.$Proxy148.query(Unknown Source)
	at org.apache.ibatis.session.defaults.DefaultSqlSession.selectList(DefaultSqlSession.java:151)
	at org.apache.ibatis.session.defaults.DefaultSqlSession.selectList(DefaultSqlSession.java:145)
	at org.apache.ibatis.session.defaults.DefaultSqlSession.selectList(DefaultSqlSession.java:140)
	at sun.reflect.NativeMethodAccessorImpl.invoke0(Native Method)
	at sun.reflect.NativeMethodAccessorImpl.invoke(NativeMethodAccessorImpl.java:62)
	at sun.reflect.DelegatingMethodAccessorImpl.invoke(DelegatingMethodAccessorImpl.java:43)
	at java.lang.reflect.Method.invoke(Method.java:498)
	at org.mybatis.spring.SqlSessionTemplate$SqlSessionInterceptor.invoke(SqlSessionTemplate.java:427)
	... 25 more
Caused by: com.mysql.cj.exceptions.CJCommunicationsException: Communications link failure

The last packet successfully received from the server was 19,541 milliseconds ago. The last packet sent successfully to the server was 19,605 milliseconds ago.
	at sun.reflect.NativeConstructorAccessorImpl.newInstance0(Native Method)
	at sun.reflect.NativeConstructorAccessorImpl.newInstance(NativeConstructorAccessorImpl.java:62)
	at sun.reflect.DelegatingConstructorAccessorImpl.newInstance(DelegatingConstructorAccessorImpl.java:45)
	at java.lang.reflect.Constructor.newInstance(Constructor.java:423)
	at com.mysql.cj.exceptions.ExceptionFactory.createException(ExceptionFactory.java:61)
	at com.mysql.cj.exceptions.ExceptionFactory.createException(ExceptionFactory.java:105)
	at com.mysql.cj.exceptions.ExceptionFactory.createException(ExceptionFactory.java:151)
	at com.mysql.cj.exceptions.ExceptionFactory.createCommunicationsException(ExceptionFactory.java:167)
	at com.mysql.cj.protocol.a.NativeProtocol.readMessage(NativeProtocol.java:538)
	at com.mysql.cj.protocol.a.NativeProtocol.checkErrorMessage(NativeProtocol.java:702)
	at com.mysql.cj.protocol.a.NativeProtocol.sendCommand(NativeProtocol.java:641)
	at com.mysql.cj.protocol.a.NativeProtocol.sendQueryPacket(NativeProtocol.java:940)
	at com.mysql.cj.NativeSession.execSQL(NativeSession.java:1075)
	at com.mysql.cj.jdbc.ClientPreparedStatement.executeInternal(ClientPreparedStatement.java:930)
	... 56 more
Caused by: java.net.SocketTimeoutException: Read timed out
	at java.net.SocketInputStream.socketRead0(Native Method)
	at java.net.SocketInputStream.socketRead(SocketInputStream.java:116)
	at java.net.SocketInputStream.read(SocketInputStream.java:171)
	at java.net.SocketInputStream.read(SocketInputStream.java:141)
	at sun.security.ssl.SSLSocketInputRecord.read(SSLSocketInputRecord.java:464)
	at sun.security.ssl.SSLSocketInputRecord.bytesInCompletePacket(SSLSocketInputRecord.java:68)
	at sun.security.ssl.SSLSocketImpl.readApplicationRecord(SSLSocketImpl.java:1350)
	at sun.security.ssl.SSLSocketImpl.access$300(SSLSocketImpl.java:73)
	at sun.security.ssl.SSLSocketImpl$AppInputStream.read(SSLSocketImpl.java:966)
	at java.io.FilterInputStream.read(FilterInputStream.java:133)
	at com.mysql.cj.protocol.FullReadInputStream.readFully(FullReadInputStream.java:64)
	at com.mysql.cj.protocol.a.SimplePacketReader.readHeader(SimplePacketReader.java:63)
	at com.mysql.cj.protocol.a.SimplePacketReader.readHeader(SimplePacketReader.java:45)
	at com.mysql.cj.protocol.a.TimeTrackingPacketReader.readHeader(TimeTrackingPacketReader.java:52)
	at com.mysql.cj.protocol.a.TimeTrackingPacketReader.readHeader(TimeTrackingPacketReader.java:41)
	at com.mysql.cj.protocol.a.MultiPacketReader.readHeader(MultiPacketReader.java:54)
	at com.mysql.cj.protocol.a.MultiPacketReader.readHeader(MultiPacketReader.java:44)
	at com.mysql.cj.protocol.a.NativeProtocol.readMessage(NativeProtocol.java:532)
	... 61 more
<br>----------- xxl-job job execute end(error) -----------
2024-09-09 21:25:27 [com.xxl.job.core.thread.TriggerCallbackThread#callbackLog]-[197]-[xxl-job, executor TriggerCallbackThread] <br>----------- xxl-job job callback finish.
2024-09-09 21:26:01 [com.xxl.job.core.thread.JobThread#run]-[194]-[xxl-job, JobThread-1-1725888308123] <br>----------- JobThread toStop, stopReason:web container destroy and kill the job.
2024-09-09 21:26:01 [com.xxl.job.core.thread.JobThread#run]-[204]-[xxl-job, JobThread-1-1725888308123] <br>----------- JobThread Exception:java.lang.InterruptedException
	at java.util.concurrent.locks.AbstractQueuedSynchronizer$ConditionObject.reportInterruptAfterWait(AbstractQueuedSynchronizer.java:2014)
	at java.util.concurrent.locks.AbstractQueuedSynchronizer$ConditionObject.awaitNanos(AbstractQueuedSynchronizer.java:2088)
	at java.util.concurrent.LinkedBlockingQueue.poll(LinkedBlockingQueue.java:467)
	at com.xxl.job.core.thread.JobThread.run(JobThread.java:114)
<br>----------- xxl-job job execute end(error) -----------
